2021-09-29 11:08:31,868 [Worker-0] INFO  o.e.m.c.i.p.ProjectConfigurationManager - Collecting project info '/pom.xml' C:\Users\adity\Desktop\P99_Workspace\Selenium_UI_Automation\SeleniumAutomation\Selenium\pom.xml
2021-09-29 11:08:45,995 [Worker-0] INFO  o.e.m.c.i.l.LifecycleMappingFactory - Using org.eclipse.m2e.jdt.JarLifecycleMapping lifecycle mapping for MavenProject: UIAutomation:Selenium:0.0.1-SNAPSHOT @ C:\Users\adity\Desktop\P99_Workspace\Selenium_UI_Automation\SeleniumAutomation\Selenium\pom.xml.
2021-09-29 11:08:48,840 [Worker-0] INFO  o.e.m.j.i.AbstractJavaProjectConfigurator - Adding source folder /Selenium/src/main/java
2021-09-29 11:08:48,860 [Worker-0] INFO  o.e.m.j.i.AbstractJavaProjectConfigurator - Adding source folder /Selenium/src/test/java
2021-09-29 11:08:53,053 [Worker-0] INFO  o.e.m.c.i.p.ProjectConfigurationManager - Imported and configured 1 project(s) in 21 sec
2021-09-29 11:08:57,277 [Worker-9] INFO  o.e.m.c.i.embedder.EclipseLogger - Using 'UTF-8' encoding to copy filtered resources.
2021-09-29 11:08:57,278 [Worker-9] INFO  o.e.m.c.i.embedder.EclipseLogger - skip non existing resourceDirectory C:\Users\adity\Desktop\P99_Workspace\Selenium_UI_Automation\SeleniumAutomation\Selenium\src\main\resources
2021-09-29 11:08:57,281 [Worker-9] INFO  o.e.m.c.i.embedder.EclipseLogger - Using 'UTF-8' encoding to copy filtered resources.
2021-09-29 11:08:57,282 [Worker-9] INFO  o.e.m.c.i.embedder.EclipseLogger - skip non existing resourceDirectory C:\Users\adity\Desktop\P99_Workspace\Selenium_UI_Automation\SeleniumAutomation\Selenium\src\test\resources
2021-09-29 11:09:09,081 [Worker-15] INFO  o.e.m.c.i.embedder.EclipseLogger - Using 'UTF-8' encoding to copy filtered resources.
2021-09-29 11:09:09,081 [Worker-15] INFO  o.e.m.c.i.embedder.EclipseLogger - skip non existing resourceDirectory C:\Users\adity\Desktop\P99_Workspace\Selenium_UI_Automation\SeleniumAutomation\Selenium\src\main\resources
2021-09-29 11:09:09,084 [Worker-15] INFO  o.e.m.c.i.embedder.EclipseLogger - Using 'UTF-8' encoding to copy filtered resources.
2021-09-29 11:09:09,084 [Worker-15] INFO  o.e.m.c.i.embedder.EclipseLogger - skip non existing resourceDirectory C:\Users\adity\Desktop\P99_Workspace\Selenium_UI_Automation\SeleniumAutomation\Selenium\src\test\resources
2021-09-29 11:09:15,767 [Worker-11] INFO  o.e.m.c.i.embedder.EclipseLogger - Using 'UTF-8' encoding to copy filtered resources.
2021-09-29 11:09:15,768 [Worker-11] INFO  o.e.m.c.i.embedder.EclipseLogger - skip non existing resourceDirectory C:\Users\adity\Desktop\P99_Workspace\Selenium_UI_Automation\SeleniumAutomation\Selenium\src\main\resources
2021-09-29 11:09:15,769 [Worker-11] INFO  o.e.m.c.i.embedder.EclipseLogger - Using 'UTF-8' encoding to copy filtered resources.
2021-09-29 11:09:15,771 [Worker-11] INFO  o.e.m.c.i.embedder.EclipseLogger - skip non existing resourceDirectory C:\Users\adity\Desktop\P99_Workspace\Selenium_UI_Automation\SeleniumAutomation\Selenium\src\test\resources
2021-09-29 11:19:58,118 [Worker-10] INFO  o.e.m.c.i.embedder.EclipseLogger - Using 'UTF-8' encoding to copy filtered resources.
2021-09-29 11:19:58,120 [Worker-10] INFO  o.e.m.c.i.embedder.EclipseLogger - skip non existing resourceDirectory C:\Users\adity\Desktop\P99_Workspace\Selenium_UI_Automation\SeleniumAutomation\Selenium\src\main\resources
2021-09-29 11:19:58,122 [Worker-10] INFO  o.e.m.c.i.embedder.EclipseLogger - Using 'UTF-8' encoding to copy filtered resources.
2021-09-29 11:19:58,123 [Worker-10] INFO  o.e.m.c.i.embedder.EclipseLogger - skip non existing resourceDirectory C:\Users\adity\Desktop\P99_Workspace\Selenium_UI_Automation\SeleniumAutomation\Selenium\src\test\resources
2021-09-29 11:20:14,282 [Worker-10] INFO  o.e.m.c.i.embedder.EclipseLogger - Using 'UTF-8' encoding to copy filtered resources.
2021-09-29 11:20:14,283 [Worker-10] INFO  o.e.m.c.i.embedder.EclipseLogger - skip non existing resourceDirectory C:\Users\adity\Desktop\P99_Workspace\Selenium_UI_Automation\SeleniumAutomation\Selenium\src\main\resources
2021-09-29 11:20:14,285 [Worker-10] INFO  o.e.m.c.i.embedder.EclipseLogger - Using 'UTF-8' encoding to copy filtered resources.
2021-09-29 11:20:14,286 [Worker-10] INFO  o.e.m.c.i.embedder.EclipseLogger - skip non existing resourceDirectory C:\Users\adity\Desktop\P99_Workspace\Selenium_UI_Automation\SeleniumAutomation\Selenium\src\test\resources
2021-09-29 11:44:36,723 [Worker-20] INFO  o.e.m.c.i.l.LifecycleMappingFactory - Using org.eclipse.m2e.jdt.JarLifecycleMapping lifecycle mapping for MavenProject: UIAutomation:Selenium:0.0.1-SNAPSHOT @ C:\Users\adity\Desktop\P99_Workspace\Selenium_UI_Automation\SeleniumAutomation\Selenium\pom.xml.
2021-09-29 11:44:53,859 [Worker-20] INFO  o.e.m.c.i.e.AbstractTransferListenerAdapter - Downloading https://repo.maven.apache.org/maven2/commons-codec/commons-codec/1.15/commons-codec-1.15.jar
2021-09-29 11:44:54,960 [Worker-20] INFO  o.e.m.c.i.e.AbstractTransferListenerAdapter - Downloaded https://repo.maven.apache.org/maven2/commons-codec/commons-codec/1.15/commons-codec-1.15.jar
2021-09-29 11:44:55,160 [Worker-20] INFO  o.e.m.c.i.e.AbstractTransferListenerAdapter - Downloading https://repo.maven.apache.org/maven2/com/google/code/gson/gson/2.8.6/gson-2.8.6.jar
2021-09-29 11:44:55,624 [Worker-20] INFO  o.e.m.c.i.e.AbstractTransferListenerAdapter - Downloaded https://repo.maven.apache.org/maven2/com/google/code/gson/gson/2.8.6/gson-2.8.6.jar
2021-09-29 11:45:09,576 [Worker-20] INFO  o.e.m.c.i.embedder.EclipseLogger - Using 'UTF-8' encoding to copy filtered resources.
2021-09-29 11:45:09,577 [Worker-20] INFO  o.e.m.c.i.embedder.EclipseLogger - skip non existing resourceDirectory C:\Users\adity\Desktop\P99_Workspace\Selenium_UI_Automation\SeleniumAutomation\Selenium\src\main\resources
2021-09-29 11:45:09,582 [Worker-20] INFO  o.e.m.c.i.embedder.EclipseLogger - Using 'UTF-8' encoding to copy filtered resources.
2021-09-29 11:45:09,582 [Worker-20] INFO  o.e.m.c.i.embedder.EclipseLogger - skip non existing resourceDirectory C:\Users\adity\Desktop\P99_Workspace\Selenium_UI_Automation\SeleniumAutomation\Selenium\src\test\resources
2021-09-29 11:51:03,307 [Worker-10] INFO  o.e.m.c.i.embedder.EclipseLogger - Using 'UTF-8' encoding to copy filtered resources.
2021-09-29 11:51:03,307 [Worker-10] INFO  o.e.m.c.i.embedder.EclipseLogger - skip non existing resourceDirectory C:\Users\adity\Desktop\P99_Workspace\Selenium_UI_Automation\SeleniumAutomation\Selenium\src\main\resources
2021-09-29 11:51:03,309 [Worker-10] INFO  o.e.m.c.i.embedder.EclipseLogger - Using 'UTF-8' encoding to copy filtered resources.
2021-09-29 11:51:03,310 [Worker-10] INFO  o.e.m.c.i.embedder.EclipseLogger - skip non existing resourceDirectory C:\Users\adity\Desktop\P99_Workspace\Selenium_UI_Automation\SeleniumAutomation\Selenium\src\test\resources
2021-09-29 11:51:41,681 [Worker-21] INFO  o.e.m.c.i.embedder.EclipseLogger - Using 'UTF-8' encoding to copy filtered resources.
2021-09-29 11:51:41,687 [Worker-21] INFO  o.e.m.c.i.embedder.EclipseLogger - skip non existing resourceDirectory C:\Users\adity\Desktop\P99_Workspace\Selenium_UI_Automation\SeleniumAutomation\Selenium\src\main\resources
2021-09-29 11:51:41,691 [Worker-21] INFO  o.e.m.c.i.embedder.EclipseLogger - Using 'UTF-8' encoding to copy filtered resources.
2021-09-29 11:51:41,691 [Worker-21] INFO  o.e.m.c.i.embedder.EclipseLogger - skip non existing resourceDirectory C:\Users\adity\Desktop\P99_Workspace\Selenium_UI_Automation\SeleniumAutomation\Selenium\src\test\resources
2021-09-29 11:51:53,594 [Worker-9] INFO  o.e.m.c.i.embedder.EclipseLogger - Using 'UTF-8' encoding to copy filtered resources.
2021-09-29 11:51:53,595 [Worker-9] INFO  o.e.m.c.i.embedder.EclipseLogger - skip non existing resourceDirectory C:\Users\adity\Desktop\P99_Workspace\Selenium_UI_Automation\SeleniumAutomation\Selenium\src\main\resources
2021-09-29 11:51:53,605 [Worker-9] INFO  o.e.m.c.i.embedder.EclipseLogger - Using 'UTF-8' encoding to copy filtered resources.
2021-09-29 11:51:53,607 [Worker-9] INFO  o.e.m.c.i.embedder.EclipseLogger - skip non existing resourceDirectory C:\Users\adity\Desktop\P99_Workspace\Selenium_UI_Automation\SeleniumAutomation\Selenium\src\test\resources
2021-09-29 11:52:11,920 [Worker-20] INFO  o.e.m.c.i.embedder.EclipseLogger - Using 'UTF-8' encoding to copy filtered resources.
2021-09-29 11:52:11,921 [Worker-20] INFO  o.e.m.c.i.embedder.EclipseLogger - skip non existing resourceDirectory C:\Users\adity\Desktop\P99_Workspace\Selenium_UI_Automation\SeleniumAutomation\Selenium\src\main\resources
2021-09-29 11:52:11,923 [Worker-20] INFO  o.e.m.c.i.embedder.EclipseLogger - Using 'UTF-8' encoding to copy filtered resources.
2021-09-29 11:52:11,926 [Worker-20] INFO  o.e.m.c.i.embedder.EclipseLogger - skip non existing resourceDirectory C:\Users\adity\Desktop\P99_Workspace\Selenium_UI_Automation\SeleniumAutomation\Selenium\src\test\resources
2021-09-29 11:54:29,685 [Worker-10] INFO  o.e.m.c.i.embedder.EclipseLogger - Using 'UTF-8' encoding to copy filtered resources.
2021-09-29 11:54:29,686 [Worker-10] INFO  o.e.m.c.i.embedder.EclipseLogger - skip non existing resourceDirectory C:\Users\adity\Desktop\P99_Workspace\Selenium_UI_Automation\SeleniumAutomation\Selenium\src\main\resources
2021-09-29 11:54:29,688 [Worker-10] INFO  o.e.m.c.i.embedder.EclipseLogger - Using 'UTF-8' encoding to copy filtered resources.
